0 info it worked if it ends with ok
1 verbose cli [ 'C:\\Program Files (x86)\\nodejs\\\\node.exe',
1 verbose cli   'C:\\Program Files (x86)\\nodejs\\node_modules\\npm\\bin\\npm-cli.js',
1 verbose cli   'install',
1 verbose cli   'conso' ]
2 info using npm@1.3.2
3 info using node@v0.10.13
4 verbose node symlink C:\Program Files (x86)\nodejs\\node.exe
5 verbose readDependencies using package.json deps
6 verbose cache add [ 'conso', null ]
7 verbose cache add name=undefined spec="conso" args=["conso",null]
8 verbose parsed url { protocol: null,
8 verbose parsed url   slashes: null,
8 verbose parsed url   auth: null,
8 verbose parsed url   host: null,
8 verbose parsed url   port: null,
8 verbose parsed url   hostname: null,
8 verbose parsed url   hash: null,
8 verbose parsed url   search: null,
8 verbose parsed url   query: null,
8 verbose parsed url   pathname: 'conso',
8 verbose parsed url   path: 'conso',
8 verbose parsed url   href: 'conso' }
9 silly lockFile 5c786858-conso conso
10 verbose lock conso C:\Users\jacob\AppData\Roaming\npm-cache\5c786858-conso.lock
11 silly lockFile 5c786858-conso conso
12 silly lockFile 5c786858-conso conso
13 verbose addNamed [ 'conso', '' ]
14 verbose addNamed [ null, '*' ]
15 silly lockFile 9df083f5-conso conso@
16 verbose lock conso@ C:\Users\jacob\AppData\Roaming\npm-cache\9df083f5-conso.lock
17 silly addNameRange { name: 'conso', range: '*', hasData: false }
18 verbose url raw conso
19 verbose url resolving [ 'https://registry.npmjs.org/', './conso' ]
20 verbose url resolved https://registry.npmjs.org/conso
21 info trying registry request attempt 1 at 03:35:12
22 http GET https://registry.npmjs.org/conso
23 http 404 https://registry.npmjs.org/conso
24 silly registry.get cb [ 404,
24 silly registry.get   { date: 'Sat, 25 Oct 2014 08:35:10 GMT',
24 silly registry.get     server: 'CouchDB/1.5.0 (Erlang OTP/R16B03)',
24 silly registry.get     'content-type': 'application/json',
24 silly registry.get     'cache-control': 'max-age=0',
24 silly registry.get     'content-length': '52',
24 silly registry.get     'accept-ranges': 'bytes',
24 silly registry.get     via: '1.1 varnish',
24 silly registry.get     age: '0',
24 silly registry.get     'x-served-by': 'cache-ord1731-ORD',
24 silly registry.get     'x-cache': 'MISS',
24 silly registry.get     'x-cache-hits': '0',
24 silly registry.get     'x-timer': 'S1414226110.859814,VS0,VE135',
24 silly registry.get     'keep-alive': 'timeout=10, max=50',
24 silly registry.get     connection: 'Keep-Alive' } ]
25 silly lockFile 9df083f5-conso conso@
26 silly lockFile 9df083f5-conso conso@
27 error 404 'conso' is not in the npm registry.
27 error 404 You should bug the author to publish it
27 error 404
27 error 404 Note that you can also install from a
27 error 404 tarball, folder, or http url, or git url.
28 error System Windows_NT 6.1.7601
29 error command "C:\\Program Files (x86)\\nodejs\\\\node.exe" "C:\\Program Files (x86)\\nodejs\\node_modules\\npm\\bin\\npm-cli.js" "install" "conso"
30 error cwd C:\Users\jacob\Desktop\Planning-App
31 error node -v v0.10.13
32 error npm -v 1.3.2
33 error code E404
34 verbose exit [ 1, true ]
